  [4;36;1mSQL (0.0ms)[0m   [0;1mSET client_min_messages TO 'panic'[0m
  [4;35;1mSQL (0.0ms)[0m   [0mSET standard_conforming_strings = on[0m
  [4;36;1mSQL (0.0ms)[0m   [0;1mSET client_min_messages TO 'notice'[0m
  [4;35;1mSQL (0.0ms)[0m   [0mCREATE TABLE "schema_migrations" ("version" character varying(255) NOT NULL) [0m
  [4;36;1mSQL (78.1ms)[0m   [0;1mCREATE UNIQUE INDEX "unique_schema_migrations" ON "schema_migrations" ("version")[0m
  [4;35;1mSQL (0.0ms)[0m   [0mSELECT version FROM schema_migrations[0m
  [4;36;1mSQL (0.0ms)[0m   [0;1mSET client_min_messages TO 'panic'[0m
  [4;35;1mSQL (0.0ms)[0m   [0mSET standard_conforming_strings = on[0m
  [4;36;1mSQL (0.0ms)[0m   [0;1mSET client_min_messages TO 'notice'[0m


Processing Rails::InfoController#properties (for 127.0.0.1 at 2011-07-05 14:06:53) [GET]
  [4;35;1mSQL (0.0ms)[0m   [0mSELECT version FROM schema_migrations[0m
Completed in 109ms (View: 16, DB: 0) | 200 OK [http://localhost/rails/info/properties]
  [4;36;1mSQL (0.0ms)[0m   [0;1mSET client_min_messages TO 'panic'[0m
  [4;35;1mSQL (0.0ms)[0m   [0mSET standard_conforming_strings = on[0m
  [4;36;1mSQL (0.0ms)[0m   [0;1mSET client_min_messages TO 'notice'[0m


Processing Rails::InfoController#properties (for 127.0.0.1 at 2011-07-05 14:50:52) [GET]
  [4;35;1mSQL (0.0ms)[0m   [0mSELECT version FROM schema_migrations[0m
Completed in 62ms (View: 0, DB: 0) | 200 OK [http://localhost/rails/info/properties]
  [4;36;1mSQL (0.0ms)[0m   [0;1mSET client_min_messages TO 'panic'[0m
  [4;35;1mSQL (0.0ms)[0m   [0mSET standard_conforming_strings = on[0m
  [4;36;1mSQL (0.0ms)[0m   [0;1mSET client_min_messages TO 'notice'[0m


Processing PagesController#home (for 127.0.0.1 at 2011-07-05 14:50:57) [GET]
Rendering template within layouts/application
Rendering pages/home
Completed in 31ms (View: 31, DB: 0) | 200 OK [http://localhost/pages/home]
  [4;35;1mSQL (0.0ms)[0m   [0mSET client_min_messages TO 'panic'[0m
  [4;36;1mSQL (0.0ms)[0m   [0;1mSET standard_conforming_strings = on[0m
  [4;35;1mSQL (0.0ms)[0m   [0mSET client_min_messages TO 'notice'[0m


Processing PagesController#home (for 127.0.0.1 at 2011-07-05 14:51:50) [GET]
Rendering template within layouts/application
Rendering pages/home
Completed in 16ms (View: 16, DB: 0) | 200 OK [http://localhost/pages/home]
